<?xml version="1.0" encoding="UTF-8"?>
<!-- Generated by org.testng.reporters.JUnitReportReporter -->
<testsuite skipped="0" hostname="DESKTOP-DR1804F" name="facebookSignupTest.fbSignupTEST" tests="2" failures="0" timestamp="11 Jun 2017 15:35:13 GMT" time="0.029" errors="0">
  <testcase name="fbSignup" time="0.003" classname="facebookSignupTest.fbSignupTEST"/>
  <testcase name="fbFooterlink" time="0.026" classname="facebookSignupTest.fbSignupTEST"/>
</testsuite> <!-- facebookSignupTest.fbSignupTEST -->
