<?xml version="1.0" encoding="UTF-8"?>
<!-- Generated by org.testng.reporters.JUnitReportReporter -->
<testsuite skipped="0" hostname="DESKTOP-DR1804F" name="facebookSignupTest.dependsOnTest" tests="3" failures="0" timestamp="04 Jun 2017 16:32:59 GMT" time="0.039" errors="0">
  <testcase name="loginTest" time="0.029" classname="facebookSignupTest.dependsOnTest"/>
  <testcase name="changePassword" time="0.007" classname="facebookSignupTest.dependsOnTest"/>
  <testcase name="logOutTest" time="0.003" classname="facebookSignupTest.dependsOnTest"/>
</testsuite> <!-- facebookSignupTest.dependsOnTest -->
