<?xml version="1.0" encoding="UTF-8"?>
<!-- Generated by org.testng.reporters.JUnitReportReporter -->
<testsuite skipped="0" hostname="DESKTOP-DR1804F" name="facebookSignupTest.annotationTest" tests="3" failures="0" timestamp="04 Jun 2017 17:14:23 GMT" time="0.023" errors="0">
  <testcase name="loginTest" time="0.015" classname="facebookSignupTest.annotationTest"/>
  <testcase name="changePassword" time="0.005" classname="facebookSignupTest.annotationTest"/>
  <testcase name="logOutTest" time="0.003" classname="facebookSignupTest.annotationTest"/>
</testsuite> <!-- facebookSignupTest.annotationTest -->
