<?xml version="1.0" encoding="UTF-8"?>
<!-- Generated by org.testng.reporters.JUnitReportReporter -->
<testsuite skipped="0" hostname="DESKTOP-DR1804F" name="facebookSignupTest.fbSignupTEST" tests="2" failures="0" timestamp="28 May 2017 18:09:31 GMT" time="0.047" errors="0">
  <testcase name="fbFooterlink" time="0.047" classname="facebookSignupTest.fbSignupTEST"/>
  <testcase name="fbSignup" time="0.000" classname="facebookSignupTest.fbSignupTEST"/>
</testsuite> <!-- facebookSignupTest.fbSignupTEST -->
