<?xml version="1.0" encoding="UTF-8"?>
<!-- Generated by org.testng.reporters.JUnitReportReporter -->
<testsuite skipped="2" hostname="DESKTOP-DR1804F" name="facebookSignupTest.annoationsTest" tests="5" failures="0" timestamp="04 Jun 2017 16:26:59 GMT" time="0.042" errors="0">
  <testcase name="loginTest" time="0.027" classname="facebookSignupTest.annoationsTest"/>
  <testcase name="changePassword" time="0.003" classname="facebookSignupTest.annoationsTest"/>
  <testcase name="logOutTest" time="0.006" classname="facebookSignupTest.annoationsTest"/>
  <testcase name="skipTest" time="0.006" classname="facebookSignupTest.annoationsTest">
    <skipped/>
  </testcase> <!-- skipTest -->
  <testcase name="disableskipTest" classname="facebookSignupTest.annoationsTest">
    <skipped/>
  </testcase> <!-- disableskipTest -->
</testsuite> <!-- facebookSignupTest.annoationsTest -->
